<?xml version="1.0" encoding="UTF-8"?>
<testng-results ignored="0" total="2" passed="2" failed="0" skipped="0">
  <reporter-output>
  </reporter-output>
  <suite started-at="2020-03-07T14:13:28 IST" name="Default suite" finished-at="2020-03-07T14:14:44 IST" duration-ms="75724">
    <groups>
    </groups>
    <test started-at="2020-03-07T14:13:28 IST" name="Default test" finished-at="2020-03-07T14:14:44 IST" duration-ms="75724">
      <class name="com.support.test.SupportFormTest">
        <test-method is-config="true" signature="setup()[pri:0, instance:com.support.test.SupportFormTest@4690b489]" started-at="2020-03-07T14:13:28 IST" name="setup" finished-at="2020-03-07T14:13:40 IST" duration-ms="12111" status="PASS">
          <reporter-output>
          </reporter-output>
        </test-method> <!-- setup -->
        <test-method signature="checkURL()[pri:0, instance:com.support.test.SupportFormTest@4690b489]" started-at="2020-03-07T14:13:40 IST" name="checkURL" finished-at="2020-03-07T14:13:46 IST" duration-ms="5963" status="PASS">
          <reporter-output>
          </reporter-output>
        </test-method> <!-- checkURL -->
        <test-method is-config="true" signature="setup()[pri:0, instance:com.support.test.SupportFormTest@4690b489]" started-at="2020-03-07T14:13:46 IST" name="setup" finished-at="2020-03-07T14:13:59 IST" duration-ms="12917" status="PASS">
          <reporter-output>
          </reporter-output>
        </test-method> <!-- setup -->
        <test-method signature="supportFormTestExcel()[pri:0, instance:com.support.test.SupportFormTest@4690b489]" started-at="2020-03-07T14:13:59 IST" name="supportFormTestExcel" finished-at="2020-03-07T14:14:44 IST" duration-ms="44636" status="PASS">
          <reporter-output>
          </reporter-output>
        </test-method> <!-- supportFormTestExcel -->
        <test-method is-config="true" signature="closeDriver()[pri:0, instance:com.support.test.SupportFormTest@4690b489]" started-at="2020-03-07T14:14:44 IST" name="closeDriver" finished-at="2020-03-07T14:14:44 IST" duration-ms="65" status="PASS">
          <reporter-output>
          </reporter-output>
        </test-method> <!-- closeDriver -->
      </class> <!-- com.support.test.SupportFormTest -->
    </test> <!-- Default test -->
  </suite> <!-- Default suite -->
</testng-results>
